<?xml version="1.0" encoding="UTF-8" ?>
<testsuite errors="0" failures="0" hostname="Sydney-Kos-MacBook-Pro.local" name="com.flatironschool.javacs.MyHashMapTest" skipped="0" tests="11" time="0.11" timestamp="2016-06-05T22:49:22">
  <properties>
[...]
</properties>
  <testcase classname="com.flatironschool.javacs.MyHashMapTest" name="testGet" time="0.006" />
  <testcase classname="com.flatironschool.javacs.MyHashMapTest" name="testPut" time="0.002" />
  <testcase classname="com.flatironschool.javacs.MyHashMapTest" name="testClear" time="0.0" />
  <testcase classname="com.flatironschool.javacs.MyHashMapTest" name="testSize" time="0.001" />
  <testcase classname="com.flatironschool.javacs.MyHashMapTest" name="testContainsKey" time="0.001" />
  <testcase classname="com.flatironschool.javacs.MyHashMapTest" name="testContainsValue" time="0.001" />
  <testcase classname="com.flatironschool.javacs.MyHashMapTest" name="testKeySet" time="0.001" />
  <testcase classname="com.flatironschool.javacs.MyHashMapTest" name="testPutAll" time="0.001" />
  <testcase classname="com.flatironschool.javacs.MyHashMapTest" name="testIsEmpty" time="0.0" />
  <testcase classname="com.flatironschool.javacs.MyHashMapTest" name="testRemove" time="0.0" />
  <testcase classname="com.flatironschool.javacs.MyHashMapTest" name="testValues" time="0.001" />
  <system-out><![CDATA[Put One in [com.flatironschool.javacs.MyLinearMap@7637f22, com.flatironschool.javacs.MyLinearMap@4926097b] size now 2
Put Two in [com.flatironschool.javacs.MyLinearMap@7637f22, com.flatironschool.javacs.MyLinearMap@4926097b] size now 2
Put Three in [com.flatironschool.javacs.MyLinearMap@7637f22, com.flatironschool.javacs.MyLinearMap@4926097b] size now 2
Size of maps: 4
Size of Oldmaps: 2
Put One in [com.flatironschool.javacs.MyLinearMap@762efe5d, com.flatironschool.javacs.MyLinearMap@5d22bbb7, com.flatironschool.javacs.MyLinearMap@41a4555e, com.flatironschool.javacs.MyLinearMap@3830f1c0] size now 4
Put Two in [com.flatironschool.javacs.MyLinearMap@762efe5d, com.flatironschool.javacs.MyLinearMap@5d22bbb7, com.flatironschool.javacs.MyLinearMap@41a4555e, com.flatironschool.javacs.MyLinearMap@3830f1c0] size now 4
Put Three in [com.flatironschool.javacs.MyLinearMap@762efe5d, com.flatironschool.javacs.MyLinearMap@5d22bbb7, com.flatironschool.javacs.MyLinearMap@41a4555e, com.flatironschool.javacs.MyLinearMap@3830f1c0] size now 4
Put null in [com.flatironschool.javacs.MyLinearMap@762efe5d, com.flatironschool.javacs.MyLinearMap@5d22bbb7, com.flatironschool.javacs.MyLinearMap@41a4555e, com.flatironschool.javacs.MyLinearMap@3830f1c0] size now 4
Put One in [com.flatironschool.javacs.MyLinearMap@5fdef03a, com.flatironschool.javacs.MyLinearMap@3b22cdd0] size now 2
Put Two in [com.flatironschool.javacs.MyLinearMap@5fdef03a, com.flatironschool.javacs.MyLinearMap@3b22cdd0] size now 2
Put Three in [com.flatironschool.javacs.MyLinearMap@5fdef03a, com.flatironschool.javacs.MyLinearMap@3b22cdd0] size now 2
Size of maps: 4
Size of Oldmaps: 2
Put One in [com.flatironschool.javacs.MyLinearMap@1e81f4dc, com.flatironschool.javacs.MyLinearMap@4d591d15, com.flatironschool.javacs.MyLinearMap@65ae6ba4, com.flatironschool.javacs.MyLinearMap@48cf768c] size now 4
Put Two in [com.flatironschool.javacs.MyLinearMap@1e81f4dc, com.flatironschool.javacs.MyLinearMap@4d591d15, com.flatironschool.javacs.MyLinearMap@65ae6ba4, com.flatironschool.javacs.MyLinearMap@48cf768c] size now 4
Put Three in [com.flatironschool.javacs.MyLinearMap@1e81f4dc, com.flatironschool.javacs.MyLinearMap@4d591d15, com.flatironschool.javacs.MyLinearMap@65ae6ba4, com.flatironschool.javacs.MyLinearMap@48cf768c] size now 4
Put null in [com.flatironschool.javacs.MyLinearMap@1e81f4dc, com.flatironschool.javacs.MyLinearMap@4d591d15, com.flatironschool.javacs.MyLinearMap@65ae6ba4, com.flatironschool.javacs.MyLinearMap@48cf768c] size now 4
Put One in [com.flatironschool.javacs.MyLinearMap@1e81f4dc, com.flatironschool.javacs.MyLinearMap@4d591d15, com.flatironschool.javacs.MyLinearMap@65ae6ba4, com.flatironschool.javacs.MyLinearMap@48cf768c] size now 4
Put Five in [com.flatironschool.javacs.MyLinearMap@1e81f4dc, com.flatironschool.javacs.MyLinearMap@4d591d15, com.flatironschool.javacs.MyLinearMap@65ae6ba4, com.flatironschool.javacs.MyLinearMap@48cf768c] size now 4
Size of maps: 8
Size of Oldmaps: 4
Put Two in [com.flatironschool.javacs.MyLinearMap@59f95c5d, com.flatironschool.javacs.MyLinearMap@5ccd43c2, com.flatironschool.javacs.MyLinearMap@4aa8f0b4, com.flatironschool.javacs.MyLinearMap@7960847b, com.flatironschool.javacs.MyLinearMap@6a6824be, com.flatironschool.javacs.MyLinearMap@5c8da962, com.flatironschool.javacs.MyLinearMap@512ddf17, com.flatironschool.javacs.MyLinearMap@2c13da15] size now 8
Put null in [com.flatironschool.javacs.MyLinearMap@59f95c5d, com.flatironschool.javacs.MyLinearMap@5ccd43c2, com.flatironschool.javacs.MyLinearMap@4aa8f0b4, com.flatironschool.javacs.MyLinearMap@7960847b, com.flatironschool.javacs.MyLinearMap@6a6824be, com.flatironschool.javacs.MyLinearMap@5c8da962, com.flatironschool.javacs.MyLinearMap@512ddf17, com.flatironschool.javacs.MyLinearMap@2c13da15] size now 8
Put One in [com.flatironschool.javacs.MyLinearMap@59f95c5d, com.flatironschool.javacs.MyLinearMap@5ccd43c2, com.flatironschool.javacs.MyLinearMap@4aa8f0b4, com.flatironschool.javacs.MyLinearMap@7960847b, com.flatironschool.javacs.MyLinearMap@6a6824be, com.flatironschool.javacs.MyLinearMap@5c8da962, com.flatironschool.javacs.MyLinearMap@512ddf17, com.flatironschool.javacs.MyLinearMap@2c13da15] size now 8
Put Three in [com.flatironschool.javacs.MyLinearMap@59f95c5d, com.flatironschool.javacs.MyLinearMap@5ccd43c2, com.flatironschool.javacs.MyLinearMap@4aa8f0b4, com.flatironschool.javacs.MyLinearMap@7960847b, com.flatironschool.javacs.MyLinearMap@6a6824be, com.flatironschool.javacs.MyLinearMap@5c8da962, com.flatironschool.javacs.MyLinearMap@512ddf17, com.flatironschool.javacs.MyLinearMap@2c13da15] size now 8
Put Five in [com.flatironschool.javacs.MyLinearMap@59f95c5d, com.flatironschool.javacs.MyLinearMap@5ccd43c2, com.flatironschool.javacs.MyLinearMap@4aa8f0b4, com.flatironschool.javacs.MyLinearMap@7960847b, com.flatironschool.javacs.MyLinearMap@6a6824be, com.flatironschool.javacs.MyLinearMap@5c8da962, com.flatironschool.javacs.MyLinearMap@512ddf17, com.flatironschool.javacs.MyLinearMap@2c13da15] size now 8
Put One in [com.flatironschool.javacs.MyLinearMap@368239c8, com.flatironschool.javacs.MyLinearMap@9e89d68] size now 2
Put Two in [com.flatironschool.javacs.MyLinearMap@368239c8, com.flatironschool.javacs.MyLinearMap@9e89d68] size now 2
Put Three in [com.flatironschool.javacs.MyLinearMap@368239c8, com.flatironschool.javacs.MyLinearMap@9e89d68] size now 2
Size of maps: 4
Size of Oldmaps: 2
Put One in [com.flatironschool.javacs.MyLinearMap@3b192d32, com.flatironschool.javacs.MyLinearMap@16f65612, com.flatironschool.javacs.MyLinearMap@311d617d, com.flatironschool.javacs.MyLinearMap@7c53a9eb] size now 4
Put Two in [com.flatironschool.javacs.MyLinearMap@3b192d32, com.flatironschool.javacs.MyLinearMap@16f65612, com.flatironschool.javacs.MyLinearMap@311d617d, com.flatironschool.javacs.MyLinearMap@7c53a9eb] size now 4
Put Three in [com.flatironschool.javacs.MyLinearMap@3b192d32, com.flatironschool.javacs.MyLinearMap@16f65612, com.flatironschool.javacs.MyLinearMap@311d617d, com.flatironschool.javacs.MyLinearMap@7c53a9eb] size now 4
Put null in [com.flatironschool.javacs.MyLinearMap@3b192d32, com.flatironschool.javacs.MyLinearMap@16f65612, com.flatironschool.javacs.MyLinearMap@311d617d, com.flatironschool.javacs.MyLinearMap@7c53a9eb] size now 4
Put One in [com.flatironschool.javacs.MyLinearMap@2a33fae0, com.flatironschool.javacs.MyLinearMap@707f7052] size now 2
Put Two in [com.flatironschool.javacs.MyLinearMap@2a33fae0, com.flatironschool.javacs.MyLinearMap@707f7052] size now 2
Put Three in [com.flatironschool.javacs.MyLinearMap@2a33fae0, com.flatironschool.javacs.MyLinearMap@707f7052] size now 2
Size of maps: 4
Size of Oldmaps: 2
Put One in [com.flatironschool.javacs.MyLinearMap@11028347, com.flatironschool.javacs.MyLinearMap@14899482, com.flatironschool.javacs.MyLinearMap@21588809, com.flatironschool.javacs.MyLinearMap@2aae9190] size now 4
Put Two in [com.flatironschool.javacs.MyLinearMap@11028347, com.flatironschool.javacs.MyLinearMap@14899482, com.flatironschool.javacs.MyLinearMap@21588809, com.flatironschool.javacs.MyLinearMap@2aae9190] size now 4
Put Three in [com.flatironschool.javacs.MyLinearMap@11028347, com.flatironschool.javacs.MyLinearMap@14899482, com.flatironschool.javacs.MyLinearMap@21588809, com.flatironschool.javacs.MyLinearMap@2aae9190] size now 4
Put null in [com.flatironschool.javacs.MyLinearMap@11028347, com.flatironschool.javacs.MyLinearMap@14899482, com.flatironschool.javacs.MyLinearMap@21588809, com.flatironschool.javacs.MyLinearMap@2aae9190] size now 4
Put One in [com.flatironschool.javacs.MyLinearMap@77468bd9, com.flatironschool.javacs.MyLinearMap@12bb4df8] size now 2
Put Two in [com.flatironschool.javacs.MyLinearMap@77468bd9, com.flatironschool.javacs.MyLinearMap@12bb4df8] size now 2
Put Three in [com.flatironschool.javacs.MyLinearMap@77468bd9, com.flatironschool.javacs.MyLinearMap@12bb4df8] size now 2
Size of maps: 4
Size of Oldmaps: 2
Put One in [com.flatironschool.javacs.MyLinearMap@4cc77c2e, com.flatironschool.javacs.MyLinearMap@7a7b0070, com.flatironschool.javacs.MyLinearMap@39a054a5, com.flatironschool.javacs.MyLinearMap@71bc1ae4] size now 4
Put Two in [com.flatironschool.javacs.MyLinearMap@4cc77c2e, com.flatironschool.javacs.MyLinearMap@7a7b0070, com.flatironschool.javacs.MyLinearMap@39a054a5, com.flatironschool.javacs.MyLinearMap@71bc1ae4] size now 4
Put Three in [com.flatironschool.javacs.MyLinearMap@4cc77c2e, com.flatironschool.javacs.MyLinearMap@7a7b0070, com.flatironschool.javacs.MyLinearMap@39a054a5, com.flatironschool.javacs.MyLinearMap@71bc1ae4] size now 4
Put null in [com.flatironschool.javacs.MyLinearMap@4cc77c2e, com.flatironschool.javacs.MyLinearMap@7a7b0070, com.flatironschool.javacs.MyLinearMap@39a054a5, com.flatironschool.javacs.MyLinearMap@71bc1ae4] size now 4
Put One in [com.flatironschool.javacs.MyLinearMap@2437c6dc, com.flatironschool.javacs.MyLinearMap@1f89ab83] size now 2
Put Two in [com.flatironschool.javacs.MyLinearMap@2437c6dc, com.flatironschool.javacs.MyLinearMap@1f89ab83] size now 2
Put Three in [com.flatironschool.javacs.MyLinearMap@2437c6dc, com.flatironschool.javacs.MyLinearMap@1f89ab83] size now 2
Size of maps: 4
Size of Oldmaps: 2
Put One in [com.flatironschool.javacs.MyLinearMap@e73f9ac, com.flatironschool.javacs.MyLinearMap@61064425, com.flatironschool.javacs.MyLinearMap@7b1d7fff, com.flatironschool.javacs.MyLinearMap@299a06ac] size now 4
Put Two in [com.flatironschool.javacs.MyLinearMap@e73f9ac, com.flatironschool.javacs.MyLinearMap@61064425, com.flatironschool.javacs.MyLinearMap@7b1d7fff, com.flatironschool.javacs.MyLinearMap@299a06ac] size now 4
Put Three in [com.flatironschool.javacs.MyLinearMap@e73f9ac, com.flatironschool.javacs.MyLinearMap@61064425, com.flatironschool.javacs.MyLinearMap@7b1d7fff, com.flatironschool.javacs.MyLinearMap@299a06ac] size now 4
Put null in [com.flatironschool.javacs.MyLinearMap@e73f9ac, com.flatironschool.javacs.MyLinearMap@61064425, com.flatironschool.javacs.MyLinearMap@7b1d7fff, com.flatironschool.javacs.MyLinearMap@299a06ac] size now 4
Put One in [com.flatironschool.javacs.MyLinearMap@6bc168e5, com.flatironschool.javacs.MyLinearMap@7b3300e5] size now 2
Put Two in [com.flatironschool.javacs.MyLinearMap@6bc168e5, com.flatironschool.javacs.MyLinearMap@7b3300e5] size now 2
Put Three in [com.flatironschool.javacs.MyLinearMap@6bc168e5, com.flatironschool.javacs.MyLinearMap@7b3300e5] size now 2
Size of maps: 4
Size of Oldmaps: 2
Put One in [com.flatironschool.javacs.MyLinearMap@2e5c649, com.flatironschool.javacs.MyLinearMap@136432db, com.flatironschool.javacs.MyLinearMap@7382f612, com.flatironschool.javacs.MyLinearMap@1055e4af] size now 4
Put Two in [com.flatironschool.javacs.MyLinearMap@2e5c649, com.flatironschool.javacs.MyLinearMap@136432db, com.flatironschool.javacs.MyLinearMap@7382f612, com.flatironschool.javacs.MyLinearMap@1055e4af] size now 4
Put Three in [com.flatironschool.javacs.MyLinearMap@2e5c649, com.flatironschool.javacs.MyLinearMap@136432db, com.flatironschool.javacs.MyLinearMap@7382f612, com.flatironschool.javacs.MyLinearMap@1055e4af] size now 4
Put null in [com.flatironschool.javacs.MyLinearMap@2e5c649, com.flatironschool.javacs.MyLinearMap@136432db, com.flatironschool.javacs.MyLinearMap@7382f612, com.flatironschool.javacs.MyLinearMap@1055e4af] size now 4
Put One in [com.flatironschool.javacs.MyLinearMap@e6ea0c6, com.flatironschool.javacs.MyLinearMap@6a38e57f] size now 2
Put Two in [com.flatironschool.javacs.MyLinearMap@e6ea0c6, com.flatironschool.javacs.MyLinearMap@6a38e57f] size now 2
Put Three in [com.flatironschool.javacs.MyLinearMap@e6ea0c6, com.flatironschool.javacs.MyLinearMap@6a38e57f] size now 2
Size of maps: 4
Size of Oldmaps: 2
Put One in [com.flatironschool.javacs.MyLinearMap@5577140b, com.flatironschool.javacs.MyLinearMap@1c6b6478, com.flatironschool.javacs.MyLinearMap@67f89fa3, com.flatironschool.javacs.MyLinearMap@4ac68d3e] size now 4
Put Two in [com.flatironschool.javacs.MyLinearMap@5577140b, com.flatironschool.javacs.MyLinearMap@1c6b6478, com.flatironschool.javacs.MyLinearMap@67f89fa3, com.flatironschool.javacs.MyLinearMap@4ac68d3e] size now 4
Put Three in [com.flatironschool.javacs.MyLinearMap@5577140b, com.flatironschool.javacs.MyLinearMap@1c6b6478, com.flatironschool.javacs.MyLinearMap@67f89fa3, com.flatironschool.javacs.MyLinearMap@4ac68d3e] size now 4
Put null in [com.flatironschool.javacs.MyLinearMap@5577140b, com.flatironschool.javacs.MyLinearMap@1c6b6478, com.flatironschool.javacs.MyLinearMap@67f89fa3, com.flatironschool.javacs.MyLinearMap@4ac68d3e] size now 4
Put Eight in [com.flatironschool.javacs.MyLinearMap@5577140b, com.flatironschool.javacs.MyLinearMap@1c6b6478, com.flatironschool.javacs.MyLinearMap@67f89fa3, com.flatironschool.javacs.MyLinearMap@4ac68d3e] size now 4
Size of maps: 8
Size of Oldmaps: 4
Put Two in [com.flatironschool.javacs.MyLinearMap@277c0f21, com.flatironschool.javacs.MyLinearMap@6073f712, com.flatironschool.javacs.MyLinearMap@43556938, com.flatironschool.javacs.MyLinearMap@3d04a311, com.flatironschool.javacs.MyLinearMap@7a46a697, com.flatironschool.javacs.MyLinearMap@5f205aa, com.flatironschool.javacs.MyLinearMap@6d86b085, com.flatironschool.javacs.MyLinearMap@75828a0f] size now 8
Put null in [com.flatironschool.javacs.MyLinearMap@277c0f21, com.flatironschool.javacs.MyLinearMap@6073f712, com.flatironschool.javacs.MyLinearMap@43556938, com.flatironschool.javacs.MyLinearMap@3d04a311, com.flatironschool.javacs.MyLinearMap@7a46a697, com.flatironschool.javacs.MyLinearMap@5f205aa, com.flatironschool.javacs.MyLinearMap@6d86b085, com.flatironschool.javacs.MyLinearMap@75828a0f] size now 8
Put One in [com.flatironschool.javacs.MyLinearMap@277c0f21, com.flatironschool.javacs.MyLinearMap@6073f712, com.flatironschool.javacs.MyLinearMap@43556938, com.flatironschool.javacs.MyLinearMap@3d04a311, com.flatironschool.javacs.MyLinearMap@7a46a697, com.flatironschool.javacs.MyLinearMap@5f205aa, com.flatironschool.javacs.MyLinearMap@6d86b085, com.flatironschool.javacs.MyLinearMap@75828a0f] size now 8
Put Three in [com.flatironschool.javacs.MyLinearMap@277c0f21, com.flatironschool.javacs.MyLinearMap@6073f712, com.flatironschool.javacs.MyLinearMap@43556938, com.flatironschool.javacs.MyLinearMap@3d04a311, com.flatironschool.javacs.MyLinearMap@7a46a697, com.flatironschool.javacs.MyLinearMap@5f205aa, com.flatironschool.javacs.MyLinearMap@6d86b085, com.flatironschool.javacs.MyLinearMap@75828a0f] size now 8
Put Eight in [com.flatironschool.javacs.MyLinearMap@277c0f21, com.flatironschool.javacs.MyLinearMap@6073f712, com.flatironschool.javacs.MyLinearMap@43556938, com.flatironschool.javacs.MyLinearMap@3d04a311, com.flatironschool.javacs.MyLinearMap@7a46a697, com.flatironschool.javacs.MyLinearMap@5f205aa, com.flatironschool.javacs.MyLinearMap@6d86b085, com.flatironschool.javacs.MyLinearMap@75828a0f] size now 8
Put Six in [com.flatironschool.javacs.MyLinearMap@277c0f21, com.flatironschool.javacs.MyLinearMap@6073f712, com.flatironschool.javacs.MyLinearMap@43556938, com.flatironschool.javacs.MyLinearMap@3d04a311, com.flatironschool.javacs.MyLinearMap@7a46a697, com.flatironschool.javacs.MyLinearMap@5f205aa, com.flatironschool.javacs.MyLinearMap@6d86b085, com.flatironschool.javacs.MyLinearMap@75828a0f] size now 8
Put Seven in [com.flatironschool.javacs.MyLinearMap@277c0f21, com.flatironschool.javacs.MyLinearMap@6073f712, com.flatironschool.javacs.MyLinearMap@43556938, com.flatironschool.javacs.MyLinearMap@3d04a311, com.flatironschool.javacs.MyLinearMap@7a46a697, com.flatironschool.javacs.MyLinearMap@5f205aa, com.flatironschool.javacs.MyLinearMap@6d86b085, com.flatironschool.javacs.MyLinearMap@75828a0f] size now 8
Put One in [com.flatironschool.javacs.MyLinearMap@2ff5659e, com.flatironschool.javacs.MyLinearMap@77afea7d] size now 2
Put Two in [com.flatironschool.javacs.MyLinearMap@2ff5659e, com.flatironschool.javacs.MyLinearMap@77afea7d] size now 2
Put Three in [com.flatironschool.javacs.MyLinearMap@2ff5659e, com.flatironschool.javacs.MyLinearMap@77afea7d] size now 2
Size of maps: 4
Size of Oldmaps: 2
Put One in [com.flatironschool.javacs.MyLinearMap@161cd475, com.flatironschool.javacs.MyLinearMap@532760d8, com.flatironschool.javacs.MyLinearMap@57fa26b7, com.flatironschool.javacs.MyLinearMap@5f8ed237] size now 4
Put Two in [com.flatironschool.javacs.MyLinearMap@161cd475, com.flatironschool.javacs.MyLinearMap@532760d8, com.flatironschool.javacs.MyLinearMap@57fa26b7, com.flatironschool.javacs.MyLinearMap@5f8ed237] size now 4
Put Three in [com.flatironschool.javacs.MyLinearMap@161cd475, com.flatironschool.javacs.MyLinearMap@532760d8, com.flatironschool.javacs.MyLinearMap@57fa26b7, com.flatironschool.javacs.MyLinearMap@5f8ed237] size now 4
Put null in [com.flatironschool.javacs.MyLinearMap@161cd475, com.flatironschool.javacs.MyLinearMap@532760d8, com.flatironschool.javacs.MyLinearMap@57fa26b7, com.flatironschool.javacs.MyLinearMap@5f8ed237] size now 4
Put One in [com.flatironschool.javacs.MyLinearMap@47089e5f, com.flatironschool.javacs.MyLinearMap@4141d797] size now 2
Put Two in [com.flatironschool.javacs.MyLinearMap@47089e5f, com.flatironschool.javacs.MyLinearMap@4141d797] size now 2
Put Three in [com.flatironschool.javacs.MyLinearMap@47089e5f, com.flatironschool.javacs.MyLinearMap@4141d797] size now 2
Size of maps: 4
Size of Oldmaps: 2
Put One in [com.flatironschool.javacs.MyLinearMap@68f7aae2, com.flatironschool.javacs.MyLinearMap@4f47d241, com.flatironschool.javacs.MyLinearMap@4c3e4790, com.flatironschool.javacs.MyLinearMap@38cccef] size now 4
Put Two in [com.flatironschool.javacs.MyLinearMap@68f7aae2, com.flatironschool.javacs.MyLinearMap@4f47d241, com.flatironschool.javacs.MyLinearMap@4c3e4790, com.flatironschool.javacs.MyLinearMap@38cccef] size now 4
Put Three in [com.flatironschool.javacs.MyLinearMap@68f7aae2, com.flatironschool.javacs.MyLinearMap@4f47d241, com.flatironschool.javacs.MyLinearMap@4c3e4790, com.flatironschool.javacs.MyLinearMap@38cccef] size now 4
Put null in [com.flatironschool.javacs.MyLinearMap@68f7aae2, com.flatironschool.javacs.MyLinearMap@4f47d241, com.flatironschool.javacs.MyLinearMap@4c3e4790, com.flatironschool.javacs.MyLinearMap@38cccef] size now 4
Put One in [com.flatironschool.javacs.MyLinearMap@27ddd392, com.flatironschool.javacs.MyLinearMap@19e1023e] size now 2
Put Two in [com.flatironschool.javacs.MyLinearMap@27ddd392, com.flatironschool.javacs.MyLinearMap@19e1023e] size now 2
Put Three in [com.flatironschool.javacs.MyLinearMap@27ddd392, com.flatironschool.javacs.MyLinearMap@19e1023e] size now 2
Size of maps: 4
Size of Oldmaps: 2
Put One in [com.flatironschool.javacs.MyLinearMap@7cef4e59, com.flatironschool.javacs.MyLinearMap@64b8f8f4, com.flatironschool.javacs.MyLinearMap@2db0f6b2, com.flatironschool.javacs.MyLinearMap@3cd1f1c8] size now 4
Put Two in [com.flatironschool.javacs.MyLinearMap@7cef4e59, com.flatironschool.javacs.MyLinearMap@64b8f8f4, com.flatironschool.javacs.MyLinearMap@2db0f6b2, com.flatironschool.javacs.MyLinearMap@3cd1f1c8] size now 4
Put Three in [com.flatironschool.javacs.MyLinearMap@7cef4e59, com.flatironschool.javacs.MyLinearMap@64b8f8f4, com.flatironschool.javacs.MyLinearMap@2db0f6b2, com.flatironschool.javacs.MyLinearMap@3cd1f1c8] size now 4
Put null in [com.flatironschool.javacs.MyLinearMap@7cef4e59, com.flatironschool.javacs.MyLinearMap@64b8f8f4, com.flatironschool.javacs.MyLinearMap@2db0f6b2, com.flatironschool.javacs.MyLinearMap@3cd1f1c8] size now 4
]]></system-out>
  <system-err><![CDATA[]]></system-err>
</testsuite>
